Loading cifar10...
  Forget set: 5000 | Retain set: 45000

Loading model: resnet18
  Loaded: ./checkpoints/base_cifar10_resnet18.pth

=== Before Unlearning ===
  Test Accuracy: 93.40% (9340/10000)
  Forget Accuracy (should DROP): 98.44% (4922/5000)
  Retain Accuracy (should STAY): 96.79% (43556/45000)

============================================================
 PURGE: Projected Unlearning via Retain-Guided Erasure
============================================================
  Monitor layers : ['layer3', 'layer4', 'avgpool']
  Epochs         : 15
  LR             : 0.0005
  Rep weight (λ) : 0.05
  KD weight  (β) : 2.0
  Temperature    : 4.0
  Forget obj.    : kl_retain
  Forget gate    : 0.0
  Computing retain confusion distribution...
  Retain confusion dist: [0.005718648433685303, 0.11501238495111465, 0.10926422476768494, 0.0984903946518898, 0.11028674989938736]... (top-5 of 10 classes)
  Initial retain loss : 0.0860
  Retain loss budget  : 0.4302 (5.0×)
  Epoch 1/15: 100%|███████████████████████████████████████████| 40/40 [00:34<00:00,  1.17it/s, F=2.499, G=0/40, R=0.944]
  → Forget CE: 0.6592 | Retain: 0.0854 | Rep: 0.2740 | Proj: 100% | Gate: 0% | FA: 31.3%
  Epoch 2/15:  72%|████████████████████████████████████████▍   | 29/40 [00:20<00:04,  2.46it/s, F=3.122, G=0/30, R=1.959]
  [batch 30] FA 8.0% <= target 10.0% — stopping mid-epoch.
  Epoch 2/15:  72%|████████████████████████████████████████▍   | 29/40 [00:24<00:09,  1.18it/s, F=3.122, G=0/30, R=1.959]
  → Forget CE: 2.9066 | Retain: 0.1102 | Rep: 0.1529 | Proj: 100% | Gate: 0% | FA: 8.6%
  ✓ FA 8.6% ≤ target 10.0% — forgetting complete, will stop.
  FA target reached — stopping at epoch 2.

  Unlearning completed in 192.4s

=== After PURGE Unlearning ===
  Test Accuracy  (TA): 84.47% (8447/10000)
  Forget Accuracy (FA — want LOW): 8.38% (419/5000)
  Retain Accuracy (RA — want HIGH): 96.31% (43340/45000)

  Unlearning Accuracy (UA = 100−FA): 91.62%

=== Membership Inference Attack ===
  MIA (loss AUROC) : 0.5403
  MIA (conf AUROC) : 0.4514
  MIA (average)    : 0.4958  (target ≈ 0.5)
  (forget-class train vs forget-class test, 5000 vs 1000 samples)

=== Representation-Level Verification ===
  Feature cosine sim : 0.8002  (lower = more erased)
  Feature L2 dist    : 14.7788  (higher = more erased)

============================================================
 PURGE — Results Summary
============================================================
  Test Accuracy      (TA) : 84.47%
  Forget Accuracy    (FA) : 8.38%
  Retain Accuracy    (RA) : 96.31%
  Unlearning Accuracy(UA) : 91.62%
  MIA (AUROC)             : 0.4958  (target ≈ 0.5)
  Feature Cosine Sim      : 0.8002
  Avg Projection Rate     : 100%
  Avg Gate Rate           : 0%
  Final Epoch FA          : 8.6%
  Wall-clock Time         : 192.4s
============================================================
